<?xml version="1.0" encoding="UTF-8"?>
<!-- Generated by org.testng.reporters.JUnitReportReporter -->
<testsuite hostname="DESKTOP-S5N9KQL" failures="0" tests="2" name="Vishalproject.MvenJava.selenium" time="0.015" errors="0" timestamp="2020-08-16T00:07:23 IST" skipped="0">
  <testcase classname="Vishalproject.MvenJava.selenium" name="BrowserAutomation" time="0.012"/>
  <system-out/>
  <testcase classname="Vishalproject.MvenJava.selenium" name="elementUI" time="0.003"/>
  <system-out/>
</testsuite> <!-- Vishalproject.MvenJava.selenium -->
