<?xml version="1.0" encoding="UTF-8"?>
<!-- Generated by org.testng.reporters.JUnitReportReporter -->
<testsuite hostname="DESKTOP-S5N9KQL" failures="0" tests="2" name="Vishalproject.MvenJava.appiumTest" time="0.017" errors="0" timestamp="2020-08-17T11:48:42 IST" skipped="0">
  <testcase classname="Vishalproject.MvenJava.appiumTest" name="androidapp" time="0.015"/>
  <system-out/>
  <testcase classname="Vishalproject.MvenJava.appiumTest" name="iosapp" time="0.002"/>
  <system-out/>
</testsuite> <!-- Vishalproject.MvenJava.appiumTest -->
