<?xml version="1.0" encoding="UTF-8"?>
<!-- Generated by org.testng.reporters.JUnitReportReporter -->
<testsuite hostname="DESKTOP-S5N9KQL" failures="0" tests="2" name="Vishalproject.MvenJava.appiumTest" time="0.008" errors="0" timestamp="2020-08-20T23:18:18 IST" skipped="0">
  <testcase classname="Vishalproject.MvenJava.appiumTest" name="androidapp" time="0.008"/>
  <system-out/>
  <testcase classname="Vishalproject.MvenJava.appiumTest" name="iosapp" time="0.000"/>
  <system-out/>
</testsuite> <!-- Vishalproject.MvenJava.appiumTest -->
