<?xml version="1.0" encoding="UTF-8"?>
<!-- Generated by org.testng.reporters.JUnitReportReporter -->
<testsuite hostname="DESKTOP-S5N9KQL" failures="0" tests="2" name="Vishalproject.MvenJava.seleniumTest" time="0.001" errors="0" timestamp="2020-08-20T23:18:18 IST" skipped="0">
  <testcase classname="Vishalproject.MvenJava.seleniumTest" name="BrowserAutomation" time="0.001"/>
  <system-out/>
  <testcase classname="Vishalproject.MvenJava.seleniumTest" name="elementUI" time="0.000"/>
  <system-out/>
</testsuite> <!-- Vishalproject.MvenJava.seleniumTest -->
